# JRE version: Java(TM) SE Runtime Environment (8.0_162-b12) (build 1.8.0_162-b12)
# Java VM: Java HotSpot(TM) Client VM (25.162-b12 mixed mode windows-x86 )
Heap:
 def new generation   total 32448K, used 28864K [0x04800000, 0x06b30000, 0x19d50000)
  eden space 28864K, 100% used [0x04800000, 0x06430000, 0x06430000)
  from space 3584K,   0% used [0x067b0000, 0x067b0000, 0x06b30000)
  to   space 3584K,   0% used [0x06430000, 0x064327d8, 0x067b0000)
 tenured generation   total 71840K, used 39392K [0x19d50000, 0x1e378000, 0x44800000)
   the space 71840K,  54% used [0x19d50000, 0x1c3c8028, 0x1c3c8200, 0x1e378000)
 Metaspace       used 42149K, capacity 43315K, committed 43648K, reserved 44416K
GC Heap History (10 events):
Event: 2171.228 GC heap after
Heap after GC invocations=141 (full 7):
 def new generation   total 32448K, used 3584K [0x04800000, 0x06b30000, 0x19d50000)
  eden space 28864K,   0% used [0x04800000, 0x04800000, 0x06430000)
  from space 3584K, 100% used [0x067b0000, 0x06b30000, 0x06b30000)
  to   space 3584K,   0% used [0x06430000, 0x06430000, 0x067b0000)
 tenured generation   total 71840K, used 65588K [0x19d50000, 0x1e378000, 0x44800000)
   the space 71840K,  91% used [0x19d50000, 0x1dd5d328, 0x1dd5d400, 0x1e378000)
 Metaspace       used 42185K, capacity 43402K, committed 43520K, reserved 44416K
}
Event: 2172.234 GC heap before
{Heap before GC invocations=141 (full 7):
 def new generation   total 32448K, used 32448K [0x04800000, 0x06b30000, 0x19d50000)
  eden space 28864K, 100% used [0x04800000, 0x06430000, 0x06430000)
  from space 3584K, 100% used [0x067b0000, 0x06b30000, 0x06b30000)
  to   space 3584K,   0% used [0x06430000, 0x06430000, 0x067b0000)
 tenured generation   total 71840K, used 65588K [0x19d50000, 0x1e378000, 0x44800000)
   the space 71840K,  91% used [0x19d50000, 0x1dd5d328, 0x1dd5d400, 0x1e378000)
 Metaspace       used 42338K, capacity 43580K, committed 43648K, reserved 44416K
Event: 2172.281 GC heap after
Heap after GC invocations=142 (full 7):
 def new generation   total 32448K, used 1978K [0x04800000, 0x06b30000, 0x19d50000)
  eden space 28864K,   0% used [0x04800000, 0x04800000, 0x06430000)
  from space 3584K,  55% used [0x06430000, 0x0661eb70, 0x067b0000)
  to   space 3584K,   0% used [0x067b0000, 0x067b0000, 0x06b30000)
 tenured generation   total 71840K, used 69147K [0x19d50000, 0x1e378000, 0x44800000)
   the space 71840K,  96% used [0x19d50000, 0x1e0d6cb0, 0x1e0d6e00, 0x1e378000)
 Metaspace       used 42338K, capacity 43580K, committed 43648K, reserved 44416K
}
Event: 2172.850 GC heap before
{Heap before GC invocations=142 (full 7):
 def new generation   total 32448K, used 30842K [0x04800000, 0x06b30000, 0x19d50000)
  eden space 28864K, 100% used [0x04800000, 0x06430000, 0x06430000)
  from space 3584K,  55% used [0x06430000, 0x0661eb70, 0x067b0000)
  to   space 3584K,   0% used [0x067b0000, 0x067b0000, 0x06b30000)
 tenured generation   total 71840K, used 69147K [0x19d50000, 0x1e378000, 0x44800000)
   the space 71840K,  96% used [0x19d50000, 0x1e0d6cb0, 0x1e0d6e00, 0x1e378000)
 Metaspace       used 42356K, capacity 43607K, committed 43648K, reserved 44416K
Event: 2172.877 GC heap after
Heap after GC invocations=143 (full 7):
 def new generation   total 32448K, used 1190K [0x04800000, 0x06b30000, 0x19d50000)
  eden space 28864K,   0% used [0x04800000, 0x04800000, 0x06430000)
  from space 3584K,  33% used [0x067b0000, 0x068d9938, 0x06b30000)
  to   space 3584K,   0% used [0x06430000, 0x06430000, 0x067b0000)
 tenured generation   total 71840K, used 70991K [0x19d50000, 0x1e378000, 0x44800000)
   the space 71840K,  98% used [0x19d50000, 0x1e2a3f78, 0x1e2a4000, 0x1e378000)
 Metaspace       used 42356K, capacity 43607K, committed 43648K, reserved 44416K
}
Event: 2173.405 GC heap before
{Heap before GC invocations=143 (full 7):
 def new generation   total 32448K, used 30054K [0x04800000, 0x06b30000, 0x19d50000)
  eden space 28864K, 100% used [0x04800000, 0x06430000, 0x06430000)
  from space 3584K,  33% used [0x067b0000, 0x068d9938, 0x06b30000)
  to   space 3584K,   0% used [0x06430000, 0x06430000, 0x067b0000)
 tenured generation   total 71840K, used 70991K [0x19d50000, 0x1e378000, 0x44800000)
   the space 71840K,  98% used [0x19d50000, 0x1e2a3f78, 0x1e2a4000, 0x1e378000)
 Metaspace       used 42356K, capacity 43607K, committed 43648K, reserved 44416K
Event: 2173.427 GC heap after
Heap after GC invocations=144 (full 7):
 def new generation   total 32448K, used 2192K [0x04800000, 0x06b30000, 0x19d50000)
  eden space 28864K,   0% used [0x04800000, 0x04800000, 0x06430000)
  from space 3584K,  61% used [0x06430000, 0x06654390, 0x067b0000)
  to   space 3584K,   0% used [0x067b0000, 0x067b0000, 0x06b30000)
 tenured generation   total 71840K, used 70991K [0x19d50000, 0x1e378000, 0x44800000)
   the space 71840K,  98% used [0x19d50000, 0x1e2a3f78, 0x1e2a4000, 0x1e378000)
 Metaspace       used 42356K, capacity 43607K, committed 43648K, reserved 44416K
}
Event: 2173.981 GC heap before
{Heap before GC invocations=144 (full 7):
 def new generation   total 32448K, used 31056K [0x04800000, 0x06b30000, 0x19d50000)
  eden space 28864K, 100% used [0x04800000, 0x06430000, 0x06430000)
  from space 3584K,  61% used [0x06430000, 0x06654390, 0x067b0000)
  to   space 3584K,   0% used [0x067b0000, 0x067b0000, 0x06b30000)
 tenured generation   total 71840K, used 70991K [0x19d50000, 0x1e378000, 0x44800000)
   the space 71840K,  98% used [0x19d50000, 0x1e2a3f78, 0x1e2a4000, 0x1e378000)
 Metaspace       used 42356K, capacity 43607K, committed 43648K, reserved 44416K
Event: 2174.643 GC heap after
Heap after GC invocations=145 (full 8):
 def new generation   total 32448K, used 0K [0x04800000, 0x06b30000, 0x19d50000)
  eden space 28864K,   0% used [0x04800000, 0x04800000, 0x06430000)
  from space 3584K,   0% used [0x067b0000, 0x067b0000, 0x06b30000)
  to   space 3584K,   0% used [0x06430000, 0x06430000, 0x067b0000)
 tenured generation   total 71840K, used 39392K [0x19d50000, 0x1e378000, 0x44800000)
   the space 71840K,  54% used [0x19d50000, 0x1c3c8028, 0x1c3c8200, 0x1e378000)
 Metaspace       used 42149K, capacity 43315K, committed 43648K, reserved 44416K
}
Event: 2175.145 GC heap before
{Heap before GC invocations=145 (full 8):
 def new generation   total 32448K, used 28864K [0x04800000, 0x06b30000, 0x19d50000)
  eden space 28864K, 100% used [0x04800000, 0x06430000, 0x06430000)
  from space 3584K,   0% used [0x067b0000, 0x067b0000, 0x06b30000)
  to   space 3584K,   0% used [0x06430000, 0x06430000, 0x067b0000)
 tenured generation   total 71840K, used 39392K [0x19d50000, 0x1e378000, 0x44800000)
   the space 71840K,  54% used [0x19d50000, 0x1c3c8028, 0x1c3c8200, 0x1e378000)
 Metaspace       used 42149K, capacity 43315K, committed 43648K, reserved 44416K

